Arguments: 
  C:\Users\nna\scoop\apps\nvm\current\nodejs\nodejs\node.exe C:\Users\nna\AppData\Local\pnpm\global\5\node_modules\yarn\bin\yarn.js init -g

PATH: 
  C:\Program Files\PowerShell\7;C:\WINDOWS\system32;C:\WINDOWS;C:\WINDOWS\System32\Wbem;C:\WINDOWS\System32\WindowsPowerShell\v1.0\;C:\WINDOWS\System32\OpenSSH\;C:\Program Files\PowerShell\7-preview\preview;C:\Program Files\PowerShell\7\;C:\Users\nna\AppData\Local\pnpm;C:\Users\nna\scoop\apps\mingw\current\bin;C:\Users\nna\scoop\apps\vscode\current\bin;C:\Users\nna\scoop\apps\python\current\Scripts;C:\Users\nna\scoop\apps\python\current;C:\Users\nna\scoop\apps\nvm\current\nodejs\nodejs;C:\Users\nna\scoop\shims;C:\Users\nna\AppData\Local\Microsoft\WindowsApps;C:\Users\nna\anaconda3\condabin

Yarn version: 
  1.22.19

Node version: 
  18.14.0

Platform: 
  win32 x64

Trace: 
  Error: canceled
      at Interface.<anonymous> (C:\Users\nna\AppData\Local\pnpm\global\5\.pnpm\yarn@1.22.19\node_modules\yarn\lib\cli.js:137150:13)
      at Interface.emit (node:events:513:28)
      at [_ttyWrite] [as _ttyWrite] (node:internal/readline/interface:1130:18)
      at ReadStream.onkeypress (node:internal/readline/interface:270:20)
      at ReadStream.emit (node:events:513:28)
      at emitKeys (node:internal/readline/utils:357:14)
      at emitKeys.next (<anonymous>)
      at ReadStream.onData (node:internal/readline/emitKeypressEvents:64:36)
      at ReadStream.emit (node:events:513:28)
      at addChunk (node:internal/streams/readable:324:12)

npm manifest: 
  {
    "name": "pixelbuffer-dom",
    "version": "0.0.1",
    "main": "index.js",
    "author": {
      "name": "Nnamdi M Okpala"
    },
    "keywords": [
      "pixelbuffer",
      "canvas",
      "dom",
      "buffer",
      "ui",
      "ux"
    ],
    "license": "MIT",
    "homepage": "",
    "private": false
  }

yarn manifest: 
  No manifest

Lockfile: 
  No lockfile
